<?xml version="1.0" encoding="UTF-8"?>
<testng-results ignored="0" total="1" passed="1" failed="0" skipped="0">
  <reporter-output>
  </reporter-output>
  <suite started-at="2022-11-30T10:48:35 CET" name="Surefire suite" finished-at="2022-11-30T10:48:35 CET" duration-ms="82">
    <groups>
    </groups>
    <test started-at="2022-11-30T10:48:35 CET" name="Surefire test" finished-at="2022-11-30T10:48:35 CET" duration-ms="82">
      <class name="pl.edu.agh.kis.pz1.Main1Test">
        <test-method signature="shouldCreateMainObject()" started-at="2022-11-30T10:48:35 CET" name="shouldCreateMainObject" finished-at="2022-11-30T10:48:35 CET" duration-ms="15" status="PASS">
          <reporter-output>
          </reporter-output>
        </test-method> <!-- shouldCreateMainObject -->
      </class> <!-- pl.edu.agh.kis.pz1.Main1Test -->
    </test> <!-- Surefire test -->
  </suite> <!-- Surefire suite -->
</testng-results>
