<?xml version="1.0" encoding="UTF-8"?>
<testng-results ignored="0" total="2" passed="2" failed="0" skipped="0">
  <reporter-output>
  </reporter-output>
  <suite started-at="2022-11-28T22:32:15 CET" name="Surefire suite" finished-at="2022-11-28T22:32:15 CET" duration-ms="147">
    <groups>
    </groups>
    <test started-at="2022-11-28T22:32:15 CET" name="Surefire test" finished-at="2022-11-28T22:32:15 CET" duration-ms="147">
      <class name="pl.edu.agh.kis.pz1.Main2Test">
        <test-method signature="shouldCreateMainObject()" started-at="2022-11-28T22:32:15 CET" name="shouldCreateMainObject" finished-at="2022-11-28T22:32:15 CET" duration-ms="27" status="PASS">
          <reporter-output>
          </reporter-output>
        </test-method> <!-- shouldCreateMainObject -->
      </class> <!-- pl.edu.agh.kis.pz1.Main2Test -->
      <class name="pl.edu.agh.kis.pz1.PokerClientTest">
        <test-method signature="shouldCreatePokerClientObject()" started-at="2022-11-28T22:32:15 CET" name="shouldCreatePokerClientObject" finished-at="2022-11-28T22:32:15 CET" duration-ms="6" status="PASS">
          <reporter-output>
          </reporter-output>
        </test-method> <!-- shouldCreatePokerClientObject -->
      </class> <!-- pl.edu.agh.kis.pz1.PokerClientTest -->
    </test> <!-- Surefire test -->
  </suite> <!-- Surefire suite -->
</testng-results>
