<?xml version="1.0" encoding="UTF-8"?>
<testng-results ignored="0" total="5" passed="5" failed="0" skipped="0">
  <reporter-output>
  </reporter-output>
  <suite started-at="2022-11-28T20:46:33 CET" name="Surefire suite" finished-at="2022-11-28T20:46:33 CET" duration-ms="283">
    <groups>
    </groups>
    <test started-at="2022-11-28T20:46:33 CET" name="Surefire test" finished-at="2022-11-28T20:46:33 CET" duration-ms="283">
      <class name="pl.edu.agh.kis.pz1.ServerTest">
        <test-method signature="testServerCreation()[pri:0, instance:pl.edu.agh.kis.pz1.ServerTest@27d4a09]" started-at="2022-11-28T20:46:33 CET" name="testServerCreation" finished-at="2022-11-28T20:46:33 CET" duration-ms="89" status="PASS">
          <reporter-output>
          </reporter-output>
        </test-method> <!-- testServerCreation -->
        <test-method signature="testServerHandleCommands()[pri:0, instance:pl.edu.agh.kis.pz1.ServerTest@27d4a09]" started-at="2022-11-28T20:46:33 CET" name="testServerHandleCommands" finished-at="2022-11-28T20:46:33 CET" duration-ms="3" status="PASS">
          <reporter-output>
          </reporter-output>
        </test-method> <!-- testServerHandleCommands -->
        <test-method signature="testServerStart()[pri:0, instance:pl.edu.agh.kis.pz1.ServerTest@27d4a09]" started-at="2022-11-28T20:46:33 CET" name="testServerStart" finished-at="2022-11-28T20:46:33 CET" duration-ms="1" status="PASS">
          <reporter-output>
          </reporter-output>
        </test-method> <!-- testServerStart -->
      </class> <!-- pl.edu.agh.kis.pz1.ServerTest -->
      <class name="pl.edu.agh.kis.pz1.GameTest">
        <test-method signature="testGameCreation()[pri:0, instance:pl.edu.agh.kis.pz1.GameTest@32a68f4f]" started-at="2022-11-28T20:46:33 CET" name="testGameCreation" finished-at="2022-11-28T20:46:33 CET" duration-ms="1" status="PASS">
          <reporter-output>
          </reporter-output>
        </test-method> <!-- testGameCreation -->
      </class> <!-- pl.edu.agh.kis.pz1.GameTest -->
      <class name="pl.edu.agh.kis.pz1.PlayerTest">
        <test-method signature="testPlayerCreation()[pri:0, instance:pl.edu.agh.kis.pz1.PlayerTest@29a0cdb]" started-at="2022-11-28T20:46:33 CET" name="testPlayerCreation" finished-at="2022-11-28T20:46:33 CET" duration-ms="0" status="PASS">
          <reporter-output>
          </reporter-output>
        </test-method> <!-- testPlayerCreation -->
      </class> <!-- pl.edu.agh.kis.pz1.PlayerTest -->
    </test> <!-- Surefire test -->
  </suite> <!-- Surefire suite -->
</testng-results>
