<?xml version="1.0" encoding="UTF-8"?>
<!-- Generated by org.testng.reporters.JUnitXMLReporter -->
<testsuite ignored="0" hostname="piotr-TP" failures="0" tests="33" name="Surefire test" time="0.23" errors="0" timestamp="2022-11-30T10:03:56 CET">
  <testcase classname="pl.edu.agh.kis.pz1.util.CardTest" name="shouldCreateCardObject" time="0.041"/>
  <testcase classname="pl.edu.agh.kis.pz1.util.CardTest" name="testCompareTo" time="0.0"/>
  <testcase classname="pl.edu.agh.kis.pz1.util.HandTest" name="testAllTheSameColour" time="0.007"/>
  <testcase classname="pl.edu.agh.kis.pz1.util.HandTest" name="testCalculateValueForFlush" time="0.001"/>
  <testcase classname="pl.edu.agh.kis.pz1.util.HandTest" name="testCalculateValueForFourOfAKind" time="0.0"/>
  <testcase classname="pl.edu.agh.kis.pz1.util.HandTest" name="testCalculateValueForFullHouse" time="0.0"/>
  <testcase classname="pl.edu.agh.kis.pz1.util.HandTest" name="testCalculateValueForHighCard" time="0.001"/>
  <testcase classname="pl.edu.agh.kis.pz1.util.HandTest" name="testCalculateValueForPair" time="0.001"/>
  <testcase classname="pl.edu.agh.kis.pz1.util.HandTest" name="testCalculateValueForStraight" time="0.0"/>
  <testcase classname="pl.edu.agh.kis.pz1.util.HandTest" name="testCalculateValueForStraightFlush" time="0.0"/>
  <testcase classname="pl.edu.agh.kis.pz1.util.HandTest" name="testCalculateValueForThreeOfAKind" time="0.0"/>
  <testcase classname="pl.edu.agh.kis.pz1.util.HandTest" name="testCalculateValueForTwoPairs" time="0.0"/>
  <testcase classname="pl.edu.agh.kis.pz1.util.HandTest" name="testChangeCard" time="0.001"/>
  <testcase classname="pl.edu.agh.kis.pz1.util.HandTest" name="testCompareTo" time="0.001"/>
  <testcase classname="pl.edu.agh.kis.pz1.util.HandTest" name="testGetCards" time="0.0"/>
  <testcase classname="pl.edu.agh.kis.pz1.util.HandTest" name="testGetHandValue" time="0.001"/>
  <testcase classname="pl.edu.agh.kis.pz1.util.HandTest" name="testHand" time="0.001"/>
  <testcase classname="pl.edu.agh.kis.pz1.util.HandTest" name="testHasFlush" time="0.0"/>
  <testcase classname="pl.edu.agh.kis.pz1.util.HandTest" name="testHasFourOfAKind" time="0.0"/>
  <testcase classname="pl.edu.agh.kis.pz1.util.HandTest" name="testHasFullHouse" time="0.0"/>
  <testcase classname="pl.edu.agh.kis.pz1.util.HandTest" name="testHasPair" time="0.001"/>
  <testcase classname="pl.edu.agh.kis.pz1.util.HandTest" name="testHasRoyalFlush" time="0.0"/>
  <testcase classname="pl.edu.agh.kis.pz1.util.HandTest" name="testHasStraight" time="0.0"/>
  <testcase classname="pl.edu.agh.kis.pz1.util.HandTest" name="testHasStraightFlush" time="0.001"/>
  <testcase classname="pl.edu.agh.kis.pz1.util.HandTest" name="testHasThreeOfAKind" time="0.0"/>
  <testcase classname="pl.edu.agh.kis.pz1.util.HandTest" name="testHasTwoPair" time="0.001"/>
  <testcase classname="pl.edu.agh.kis.pz1.util.HandTest" name="testToString" time="0.001"/>
  <testcase classname="pl.edu.agh.kis.pz1.util.DeckTest" name="shouldCreateDeckObject" time="0.001"/>
  <testcase classname="pl.edu.agh.kis.pz1.util.DeckTest" name="shouldGetCards" time="0.001"/>
  <testcase classname="pl.edu.agh.kis.pz1.util.DeckTest" name="shouldGetCardsTwice" time="0.0"/>
  <testcase classname="pl.edu.agh.kis.pz1.util.DeckTest" name="shouldGetDifferentCards" time="0.004"/>
  <testcase classname="pl.edu.agh.kis.pz1.util.DeckTest" name="shouldResetDeck" time="0.0"/>
  <testcase classname="pl.edu.agh.kis.pz1.util.DeckTest" name="shouldShuffleDeck" time="0.001"/>
</testsuite> <!-- Surefire test -->
