GROUP,PACKAGE,CLASS,INSTRUCTION_MISSED,INSTRUCTION_COVERED,BRANCH_MISSED,BRANCH_COVERED,LINE_MISSED,LINE_COVERED,COMPLEXITY_MISSED,COMPLEXITY_COVERED,METHOD_MISSED,METHOD_COVERED
poker-server,pl.edu.agh.kis.pz1,Server,1305,0,138,0,304,0,93,0,17,0
poker-server,pl.edu.agh.kis.pz1,Game,612,0,74,0,131,0,74,0,37,0
poker-server,pl.edu.agh.kis.pz1,Player,227,0,16,0,77,0,34,0,26,0
poker-server,pl.edu.agh.kis.pz1,Main1,47,8,2,0,15,2,2,2,1,2
poker-server,pl.edu.agh.kis.pz1,Game.GameState,103,0,0,0,13,0,3,0,3,0
