GROUP,PACKAGE,CLASS,INSTRUCTION_MISSED,INSTRUCTION_COVERED,BRANCH_MISSED,BRANCH_COVERED,LINE_MISSED,LINE_COVERED,COMPLEXITY_MISSED,COMPLEXITY_COVERED,METHOD_MISSED,METHOD_COVERED
poker-model,pl.edu.agh.kis.pz1.util,Deck,4,96,0,6,2,17,1,8,1,5
poker-model,pl.edu.agh.kis.pz1.util,Card.Suit,0,52,0,0,0,11,0,4,0,4
poker-model,pl.edu.agh.kis.pz1.util,Card.Rank,0,124,0,0,0,20,0,4,0,4
poker-model,pl.edu.agh.kis.pz1.util,Card,0,44,0,2,0,9,0,4,0,3
poker-model,pl.edu.agh.kis.pz1.util,Hand,22,904,12,144,3,163,12,94,0,28
