<?xml version="1.0" encoding="UTF-8"?>
<!-- Generated by org.testng.reporters.JUnitXMLReporter -->
<testsuite ignored="0" hostname="piotr-TP" failures="0" tests="2" name="Surefire test" time="0.21" errors="0" timestamp="2022-11-28T19:09:49 CET">
  <testcase classname="pl.edu.agh.kis.pz1.Main2Test" name="shouldCreateMainObject on shouldCreateMainObject(pl.edu.agh.kis.pz1.Main2Test)" time="0.038"/>
  <testcase classname="pl.edu.agh.kis.pz1.PokerClientTest" name="shouldCreatePokerClientObject on shouldCreatePokerClientObject(pl.edu.agh.kis.pz1.PokerClientTest)" time="0.015"/>
</testsuite> <!-- Surefire test -->
