<?xml version="1.0" encoding="UTF-8"?>
<testsuite xmlns:xsi="http://www.w3.org/2001/XMLSchema-instance" xsi:noNamespaceSchemaLocation="https://maven.apache.org/surefire/maven-surefire-plugin/xsd/surefire-test-report.xsd" name="pl.edu.agh.kis.pz1.Main1Test" time="2.369" tests="1" errors="0" skipped="0" failures="0">
  <properties>
[...]
</properties>
  <testcase name="shouldCreateMainObject on shouldCreateMainObject(pl.edu.agh.kis.pz1.Main1Test)" classname="pl.edu.agh.kis.pz1.Main1Test" time="0.158"/>
</testsuite>