<?xml version="1.0" encoding="UTF-8"?>
<!-- Generated by org.testng.reporters.JUnitXMLReporter -->
<testsuite ignored="0" hostname="piotr-TP" failures="0" tests="20" name="Surefire test" time="0.296" errors="0" timestamp="2022-11-30T10:48:34 CET">
  <testcase classname="pl.edu.agh.kis.pz1.ServerTest" name="testCardsChangeHandle" time="0.102"/>
  <testcase classname="pl.edu.agh.kis.pz1.ServerTest" name="testHandleMultipleCommandsWhileInBettingPhase" time="0.002"/>
  <testcase classname="pl.edu.agh.kis.pz1.ServerTest" name="testHandleUsernameCommand" time="0.002"/>
  <testcase classname="pl.edu.agh.kis.pz1.ServerTest" name="testServerCreation" time="0.002"/>
  <testcase classname="pl.edu.agh.kis.pz1.ServerTest" name="testServerHandleCommands" time="0.002"/>
  <testcase classname="pl.edu.agh.kis.pz1.ServerTest" name="testServerHandleMultipleCommands" time="0.002"/>
  <testcase classname="pl.edu.agh.kis.pz1.ServerTest" name="testServerHandleMultipleCommands2" time="0.001"/>
  <testcase classname="pl.edu.agh.kis.pz1.ServerTest" name="testServerStart" time="0.001"/>
  <testcase classname="pl.edu.agh.kis.pz1.ServerTest" name="testUsernameSetTest" time="0.002"/>
  <testcase classname="pl.edu.agh.kis.pz1.ServerTest" name="testWriteMessageToAllClients" time="0.002"/>
  <testcase classname="pl.edu.agh.kis.pz1.ServerTest" name="testWriteMessageToClient" time="0.002"/>
  <testcase classname="pl.edu.agh.kis.pz1.PlayerTest" name="testGetKey" time="0.001"/>
  <testcase classname="pl.edu.agh.kis.pz1.PlayerTest" name="testGetMoney" time="0.001"/>
  <testcase classname="pl.edu.agh.kis.pz1.PlayerTest" name="testGetName" time="0.0"/>
  <testcase classname="pl.edu.agh.kis.pz1.PlayerTest" name="testGetNextRoundReady" time="0.0"/>
  <testcase classname="pl.edu.agh.kis.pz1.PlayerTest" name="testPlayerCreation" time="0.001"/>
  <testcase classname="pl.edu.agh.kis.pz1.PlayerTest" name="testResetPlayerForNextRound" time="0.001"/>
  <testcase classname="pl.edu.agh.kis.pz1.PlayerTest" name="testSetName" time="0.004"/>
  <testcase classname="pl.edu.agh.kis.pz1.PlayerTest" name="testSetNextRoundReady" time="0.001"/>
  <testcase classname="pl.edu.agh.kis.pz1.GameTest" name="testGameCreation" time="0.0"/>
</testsuite> <!-- Surefire test -->
