<?xml version="1.0" encoding="UTF-8"?>
<!-- Generated by org.testng.reporters.JUnitXMLReporter -->
<testsuite ignored="0" hostname="piotr-TP" failures="0" tests="5" name="Surefire test" time="0.283" errors="0" timestamp="2022-11-28T20:46:33 CET">
  <testcase classname="pl.edu.agh.kis.pz1.ServerTest" name="testServerCreation" time="0.089"/>
  <testcase classname="pl.edu.agh.kis.pz1.ServerTest" name="testServerHandleCommands" time="0.003"/>
  <testcase classname="pl.edu.agh.kis.pz1.ServerTest" name="testServerStart" time="0.001"/>
  <testcase classname="pl.edu.agh.kis.pz1.PlayerTest" name="testPlayerCreation" time="0.0"/>
  <testcase classname="pl.edu.agh.kis.pz1.GameTest" name="testGameCreation" time="0.001"/>
</testsuite> <!-- Surefire test -->
